********************************************************************************
DUPLICATOR-LITE PACKAGE-LOG: 27 May 2021 9h20
NOTICE: Do NOT post to public sites or forums 
********************************************************************************
VERSION:	1.4.1
WORDPRESS:	5.7.2
PHP INFO:	7.4.8 | SAPI: fpm-fcgi
SERVER:		Apache 
PHP TIME LIMIT: (0) no time limit imposed 
PHP MAX MEMORY: 4294967296 (128M default) 
MEMORY STACK: 20MB

********************************************************************************
DATABASE:
********************************************************************************
BUILD MODE:   MYSQLDUMP
MYSQLTIMEOUT: 5000
MYSQLDUMP:    Is Supported
SQL CREATED: 20210105_terressecretes_c628fcb1078629f74054_20210527092021_database.sql
SQL FILE SIZE: 4.26MB (4470149)
SQL FILE TIME: 2021-05-27 09:20:38
SQL RUNTIME: 0.24 sec.

********************************************************************************
ARCHIVE (ZIP):
********************************************************************************
ARCHIVE DIR:  /var/www/vhosts/terres-secretes.com/httpdocs
ARCHIVE FILE: 20210105_terressecretes_c628fcb1078629f74054_20210527092021_archive.zip
FILTERS: *OFF*
DIRS:
	not set
FILES:
	not set
EXTS:  not set
----------------------------------------
COMPRESSING
SIZE:	326.48MB
STATS:	Dirs 1,982 | Files 11,991
SQL ADDED: 20210105_terressecretes_c628fcb1078629f74054_20210527092021_database.sql
ZipArchive Object
(
    [status] => 0
    [statusSys] => 0
    [numFiles] => 13973
    [filename] => /var/www/vhosts/terres-secretes.com/httpdocs/wp-content/backups-dup-lite/tmp/20210105_terressecretes_c628fcb1078629f74054_20210527092021_archive.zip
    [comment] => 
)

FILE ADDED TO ZIP: 13972
COMPRESSION RESULT: '1'
COMPRESSED SIZE: 234.78MB
ARCHIVE RUNTIME: 27.83 sec.
MEMORY STACK: 26.15MB
building installer
add_extra_files1
add_extra_files2
add_extra_files3
add_extra_files4
Doing archive file check
add_extra_files5
add_extra_files6
add_extra_files8
Successfully opened zip /var/www/vhosts/terres-secretes.com/httpdocs/wp-content/backups-dup-lite/tmp/20210105_terressecretes_c628fcb1078629f74054_20210527092021_archive.zip
Adding enhanced installer files to archive using ZipArchive
Installer files added to archive
Added to archive
After ziparchive close when adding installer

********************************************************************************
INTEGRITY CHECKS:
********************************************************************************
SQL FILE: 4.26MB
INSTALLER FILE: 64.15KB
ARCHIVE FILE: 236.23MB 
COMPTE ATTENDU DE FICHIERS/RÉPERTOIRES : 13,973
COMPTE ACTUEL DE FICHIERS/RÉPERTOIRES : 13,972
TEST DE COHÉRENCE D’ARCHIVE : Bon

********************************************************************************
RECORD ID:[20]
TOTAL PROCESS RUNTIME: 29.54 sec.
PEAK PHP MEMORY USED: 28.15MB
DONE PROCESSING => 20210105_terressecretes 27 May 2021 9h21

